Compiling the C compiler identification source file "CMakeCCompilerId.c" failed.
Compiler: /usr/lib64/mpi/gcc/openmpi3/bin/mpicc 
Build flags: 
Id flags:  

The output was:
No such file or directory


Compiling the C compiler identification source file "CMakeCCompilerId.c" failed.
Compiler: /usr/lib64/mpi/gcc/openmpi3/bin/mpicc 
Build flags: 
Id flags: -c 

The output was:
No such file or directory


Compiling the C compiler identification source file "CMakeCCompilerId.c" failed.
Compiler: /usr/lib64/mpi/gcc/openmpi3/bin/mpicc 
Build flags: 
Id flags: -Aa 

The output was:
No such file or directory


Compiling the C compiler identification source file "CMakeCCompilerId.c" failed.
Compiler: /usr/lib64/mpi/gcc/openmpi3/bin/mpicc 
Build flags: 
Id flags: -D__CLASSIC_C__ 

The output was:
No such file or directory


Compiling the C compiler identification source file "CMakeCCompilerId.c" failed.
Compiler: /usr/lib64/mpi/gcc/openmpi3/bin/mpicc 
Build flags: 
Id flags: --target=arm-arm-none-eabi;-mcpu=cortex-m3 

The output was:
No such file or directory


Compiling the C compiler identification source file "CMakeCCompilerId.c" failed.
Compiler: /usr/lib64/mpi/gcc/openmpi3/bin/mpicc 
Build flags: 
Id flags:  

The output was:
No such file or directory


Compiling the C compiler identification source file "CMakeCCompilerId.c" failed.
Compiler: /usr/lib64/mpi/gcc/openmpi3/bin/mpicc 
Build flags: 
Id flags: -c 

The output was:
No such file or directory


Compiling the C compiler identification source file "CMakeCCompilerId.c" failed.
Compiler: /usr/lib64/mpi/gcc/openmpi3/bin/mpicc 
Build flags: 
Id flags: -Aa 

The output was:
No such file or directory


Compiling the C compiler identification source file "CMakeCCompilerId.c" failed.
Compiler: /usr/lib64/mpi/gcc/openmpi3/bin/mpicc 
Build flags: 
Id flags: -D__CLASSIC_C__ 

The output was:
No such file or directory


Compiling the C compiler identification source file "CMakeCCompilerId.c" failed.
Compiler: /usr/lib64/mpi/gcc/openmpi3/bin/mpicc 
Build flags: 
Id flags: --target=arm-arm-none-eabi;-mcpu=cortex-m3 

The output was:
No such file or directory


Checking whether the C compiler is IAR using "" did not match "IAR .+ Compiler":
Checking whether the C compiler is IAR using "" did not match "IAR .+ Compiler":
Compiling the C compiler identification source file "CMakeCCompilerId.c" failed.
Compiler: /usr/share/openmpi/bin/mpicc 
Build flags: 
Id flags:  

The output was:
No such file or directory


Compiling the C compiler identification source file "CMakeCCompilerId.c" failed.
Compiler: /usr/share/openmpi/bin/mpicc 
Build flags: 
Id flags: -c 

The output was:
No such file or directory


Compiling the C compiler identification source file "CMakeCCompilerId.c" failed.
Compiler: /usr/share/openmpi/bin/mpicc 
Build flags: 
Id flags: -Aa 

The output was:
No such file or directory


Compiling the C compiler identification source file "CMakeCCompilerId.c" failed.
Compiler: /usr/share/openmpi/bin/mpicc 
Build flags: 
Id flags: -D__CLASSIC_C__ 

The output was:
No such file or directory


Compiling the C compiler identification source file "CMakeCCompilerId.c" failed.
Compiler: /usr/share/openmpi/bin/mpicc 
Build flags: 
Id flags: --target=arm-arm-none-eabi;-mcpu=cortex-m3 

The output was:
No such file or directory


Compiling the C compiler identification source file "CMakeCCompilerId.c" failed.
Compiler: /usr/share/openmpi/bin/mpicc 
Build flags: 
Id flags:  

The output was:
No such file or directory


Compiling the C compiler identification source file "CMakeCCompilerId.c" failed.
Compiler: /usr/share/openmpi/bin/mpicc 
Build flags: 
Id flags: -c 

The output was:
No such file or directory


Compiling the C compiler identification source file "CMakeCCompilerId.c" failed.
Compiler: /usr/share/openmpi/bin/mpicc 
Build flags: 
Id flags: -Aa 

The output was:
No such file or directory


Compiling the C compiler identification source file "CMakeCCompilerId.c" failed.
Compiler: /usr/share/openmpi/bin/mpicc 
Build flags: 
Id flags: -D__CLASSIC_C__ 

The output was:
No such file or directory


Compiling the C compiler identification source file "CMakeCCompilerId.c" failed.
Compiler: /usr/share/openmpi/bin/mpicc 
Build flags: 
Id flags: --target=arm-arm-none-eabi;-mcpu=cortex-m3 

The output was:
No such file or directory


Checking whether the C compiler is IAR using "" did not match "IAR .+ Compiler":
Checking whether the C compiler is IAR using "" did not match "IAR .+ Compiler":
Compiling the C compiler identification source file "CMakeCCompilerId.c" failed.
Compiler: /usr/share/openmpi/ 
Build flags: 
Id flags:  

The output was:
Permission denied


Compiling the C compiler identification source file "CMakeCCompilerId.c" failed.
Compiler: /usr/share/openmpi/ 
Build flags: 
Id flags: -c 

The output was:
Permission denied


Compiling the C compiler identification source file "CMakeCCompilerId.c" failed.
Compiler: /usr/share/openmpi/ 
Build flags: 
Id flags: -Aa 

The output was:
Permission denied


Compiling the C compiler identification source file "CMakeCCompilerId.c" failed.
Compiler: /usr/share/openmpi/ 
Build flags: 
Id flags: -D__CLASSIC_C__ 

The output was:
Permission denied


Compiling the C compiler identification source file "CMakeCCompilerId.c" failed.
Compiler: /usr/share/openmpi/ 
Build flags: 
Id flags: --target=arm-arm-none-eabi;-mcpu=cortex-m3 

The output was:
Permission denied


Compiling the C compiler identification source file "CMakeCCompilerId.c" failed.
Compiler: /usr/share/openmpi/ 
Build flags: 
Id flags:  

The output was:
Permission denied


Compiling the C compiler identification source file "CMakeCCompilerId.c" failed.
Compiler: /usr/share/openmpi/ 
Build flags: 
Id flags: -c 

The output was:
Permission denied


Compiling the C compiler identification source file "CMakeCCompilerId.c" failed.
Compiler: /usr/share/openmpi/ 
Build flags: 
Id flags: -Aa 

The output was:
Permission denied


Compiling the C compiler identification source file "CMakeCCompilerId.c" failed.
Compiler: /usr/share/openmpi/ 
Build flags: 
Id flags: -D__CLASSIC_C__ 

The output was:
Permission denied


Compiling the C compiler identification source file "CMakeCCompilerId.c" failed.
Compiler: /usr/share/openmpi/ 
Build flags: 
Id flags: --target=arm-arm-none-eabi;-mcpu=cortex-m3 

The output was:
Permission denied


Checking whether the C compiler is IAR using "" did not match "IAR .+ Compiler":
Checking whether the C compiler is IAR using "" did not match "IAR .+ Compiler":
Detecting C compiler ABI info failed to compile with the following output:
Change Dir: /home/khadimou/Bureau/M2_chps/GLCS/glcs_2020-2021/Projet/projet/build/CMakeFiles/CMakeTmp

Run Build Command(s):/usr/bin/make cmTC_d6210/fast && /usr/bin/make  -f CMakeFiles/cmTC_d6210.dir/build.make CMakeFiles/cmTC_d6210.dir/build
make[1]: Entering directory '/home/khadimou/Bureau/M2_chps/GLCS/glcs_2020-2021/Projet/projet/build/CMakeFiles/CMakeTmp'
Building C object CMakeFiles/cmTC_d6210.dir/CMakeCCompilerABI.c.o
/usr/share/openmpi/    -o CMakeFiles/cmTC_d6210.dir/CMakeCCompilerABI.c.o -c /usr/local/share/cmake-3.19/Modules/CMakeCCompilerABI.c
make[1]: execvp: /usr/share/openmpi/: Permission denied
make[1]: *** [CMakeFiles/cmTC_d6210.dir/build.make:85: CMakeFiles/cmTC_d6210.dir/CMakeCCompilerABI.c.o] Error 127
make[1]: Leaving directory '/home/khadimou/Bureau/M2_chps/GLCS/glcs_2020-2021/Projet/projet/build/CMakeFiles/CMakeTmp'
make: *** [Makefile:140: cmTC_d6210/fast] Error 2




Determining if the C compiler works failed with the following output:
Change Dir: /home/khadimou/Bureau/M2_chps/GLCS/glcs_2020-2021/Projet/projet/build/CMakeFiles/CMakeTmp

Run Build Command(s):/usr/bin/make cmTC_8787d/fast && /usr/bin/make  -f CMakeFiles/cmTC_8787d.dir/build.make CMakeFiles/cmTC_8787d.dir/build
make[1] : on entre dans le répertoire « /home/khadimou/Bureau/M2_chps/GLCS/glcs_2020-2021/Projet/projet/build/CMakeFiles/CMakeTmp »
Building C object CMakeFiles/cmTC_8787d.dir/testCCompiler.c.o
/usr/share/openmpi/    -o CMakeFiles/cmTC_8787d.dir/testCCompiler.c.o -c /home/khadimou/Bureau/M2_chps/GLCS/glcs_2020-2021/Projet/projet/build/CMakeFiles/CMakeTmp/testCCompiler.c
make[1]: execvp: /usr/share/openmpi/ : Permission non accordée
make[1]: *** [CMakeFiles/cmTC_8787d.dir/build.make:85 : CMakeFiles/cmTC_8787d.dir/testCCompiler.c.o] Erreur 127
make[1] : on quitte le répertoire « /home/khadimou/Bureau/M2_chps/GLCS/glcs_2020-2021/Projet/projet/build/CMakeFiles/CMakeTmp »
make: *** [Makefile:140 : cmTC_8787d/fast] Erreur 2



Compiling the C compiler identification source file "CMakeCCompilerId.c" failed.
Compiler: /usr/bin/mpicc 
Build flags: 
Id flags:  

The output was:
1
/usr/bin/ld : ne peut trouver -lmpi
collect2: error: ld returned 1 exit status


Detecting C compiler ABI info failed to compile with the following output:
Change Dir: /home/khadimou/Bureau/M2_chps/GLCS/glcs_2020-2021/Projet/projet/build/CMakeFiles/CMakeTmp

Run Build Command(s):/usr/bin/make cmTC_d5fee/fast && /usr/bin/make  -f CMakeFiles/cmTC_d5fee.dir/build.make CMakeFiles/cmTC_d5fee.dir/build
make[1]: Entering directory '/home/khadimou/Bureau/M2_chps/GLCS/glcs_2020-2021/Projet/projet/build/CMakeFiles/CMakeTmp'
Building C object CMakeFiles/cmTC_d5fee.dir/CMakeCCompilerABI.c.o
/usr/bin/mpicc   -v -o CMakeFiles/cmTC_d5fee.dir/CMakeCCompilerABI.c.o -c /usr/local/share/cmake-3.19/Modules/CMakeCCompilerABI.c
Using built-in specs.
COLLECT_GCC=/usr/bin/gcc
OFFLOAD_TARGET_NAMES=nvptx-none:hsa
OFFLOAD_TARGET_DEFAULT=1
Target: x86_64-linux-gnu
Configured with: ../src/configure -v --with-pkgversion='Ubuntu 9.3.0-17ubuntu1~20.04' --with-bugurl=file:///usr/share/doc/gcc-9/README.Bugs --enable-languages=c,ada,c++,go,brig,d,fortran,objc,obj-c++,gm2 --prefix=/usr --with-gcc-major-version-only --program-suffix=-9 --program-prefix=x86_64-linux-gnu- --enable-shared --enable-linker-build-id --libexecdir=/usr/lib --without-included-gettext --enable-threads=posix --libdir=/usr/lib --enable-nls --enable-clocale=gnu --enable-libstdcxx-debug --enable-libstdcxx-time=yes --with-default-libstdcxx-abi=new --enable-gnu-unique-object --disable-vtable-verify --enable-plugin --enable-default-pie --with-system-zlib --with-target-system-zlib=auto --enable-objc-gc=auto --enable-multiarch --disable-werror --with-arch-32=i686 --with-abi=m64 --with-multilib-list=m32,m64,mx32 --enable-multilib --with-tune=generic --enable-offload-targets=nvptx-none=/build/gcc-9-HskZEa/gcc-9-9.3.0/debian/tmp-nvptx/usr,hsa --without-cuda-driver --enable-checking=release --build=x86_64-linux-gnu --host=x86_64-linux-gnu --target=x86_64-linux-gnu
Thread model: posix
gcc version 9.3.0 (Ubuntu 9.3.0-17ubuntu1~20.04) 
COLLECT_GCC_OPTIONS='-v' '-o' 'CMakeFiles/cmTC_d5fee.dir/CMakeCCompilerABI.c.o' '-c' '-I' '/usr/lib/x86_64-linux-gnu/openmpi/include/openmpi' '-I' '/usr/lib/x86_64-linux-gnu/openmpi/include' '-pthread' '-mtune=generic' '-march=x86-64'
 /usr/lib/gcc/x86_64-linux-gnu/9/cc1 -quiet -v -I /usr/lib/x86_64-linux-gnu/openmpi/include/openmpi -I /usr/lib/x86_64-linux-gnu/openmpi/include -imultiarch x86_64-linux-gnu -D_REENTRANT /usr/local/share/cmake-3.19/Modules/CMakeCCompilerABI.c -quiet -dumpbase CMakeCCompilerABI.c -mtune=generic -march=x86-64 -auxbase-strip CMakeFiles/cmTC_d5fee.dir/CMakeCCompilerABI.c.o -version -fasynchronous-unwind-tables -fstack-protector-strong -Wformat -Wformat-security -fstack-clash-protection -fcf-protection -o /tmp/ccjogq6Y.s
GNU C17 (Ubuntu 9.3.0-17ubuntu1~20.04) version 9.3.0 (x86_64-linux-gnu)
	compiled by GNU C version 9.3.0, GMP version 6.2.0, MPFR version 4.0.2, MPC version 1.1.0, isl version isl-0.22.1-GMP

GGC heuristics: --param ggc-min-expand=100 --param ggc-min-heapsize=131072
ignoring nonexistent directory "/usr/local/include/x86_64-linux-gnu"
ignoring nonexistent directory "/usr/lib/gcc/x86_64-linux-gnu/9/include-fixed"
ignoring nonexistent directory "/usr/lib/gcc/x86_64-linux-gnu/9/../../../../x86_64-linux-gnu/include"
#include "..." search starts here:
#include <...> search starts here:
 /usr/lib/x86_64-linux-gnu/openmpi/include/openmpi
 /usr/lib/x86_64-linux-gnu/openmpi/include
 /usr/lib/gcc/x86_64-linux-gnu/9/include
 /usr/local/include
 /usr/include/x86_64-linux-gnu
 /usr/include
End of search list.
GNU C17 (Ubuntu 9.3.0-17ubuntu1~20.04) version 9.3.0 (x86_64-linux-gnu)
	compiled by GNU C version 9.3.0, GMP version 6.2.0, MPFR version 4.0.2, MPC version 1.1.0, isl version isl-0.22.1-GMP

GGC heuristics: --param ggc-min-expand=100 --param ggc-min-heapsize=131072
Compiler executable checksum: bbf13931d8de1abe14040c9909cb6969
COLLECT_GCC_OPTIONS='-v' '-o' 'CMakeFiles/cmTC_d5fee.dir/CMakeCCompilerABI.c.o' '-c' '-I' '/usr/lib/x86_64-linux-gnu/openmpi/include/openmpi' '-I' '/usr/lib/x86_64-linux-gnu/openmpi/include' '-pthread' '-mtune=generic' '-march=x86-64'
 as -v -I /usr/lib/x86_64-linux-gnu/openmpi/include/openmpi -I /usr/lib/x86_64-linux-gnu/openmpi/include --64 -o CMakeFiles/cmTC_d5fee.dir/CMakeCCompilerABI.c.o /tmp/ccjogq6Y.s
GNU assembler version 2.34 (x86_64-linux-gnu) using BFD version (GNU Binutils for Ubuntu) 2.34
COMPILER_PATH=/usr/lib/gcc/x86_64-linux-gnu/9/:/usr/lib/gcc/x86_64-linux-gnu/9/:/usr/lib/gcc/x86_64-linux-gnu/:/usr/lib/gcc/x86_64-linux-gnu/9/:/usr/lib/gcc/x86_64-linux-gnu/
LIBRARY_PATH=/usr/lib/gcc/x86_64-linux-gnu/9/:/usr/lib/gcc/x86_64-linux-gnu/9/../../../x86_64-linux-gnu/:/usr/lib/gcc/x86_64-linux-gnu/9/../../../../lib/:/lib/x86_64-linux-gnu/:/lib/../lib/:/usr/lib/x86_64-linux-gnu/:/usr/lib/../lib/:/usr/lib/gcc/x86_64-linux-gnu/9/../../../:/lib/:/usr/lib/
COLLECT_GCC_OPTIONS='-v' '-o' 'CMakeFiles/cmTC_d5fee.dir/CMakeCCompilerABI.c.o' '-c' '-I' '/usr/lib/x86_64-linux-gnu/openmpi/include/openmpi' '-I' '/usr/lib/x86_64-linux-gnu/openmpi/include' '-pthread' '-mtune=generic' '-march=x86-64'
Linking C executable cmTC_d5fee
/usr/local/bin/cmake -E cmake_link_script CMakeFiles/cmTC_d5fee.dir/link.txt --verbose=1
/usr/bin/mpicc  -v CMakeFiles/cmTC_d5fee.dir/CMakeCCompilerABI.c.o -o cmTC_d5fee 
Using built-in specs.
COLLECT_GCC=/usr/bin/gcc
COLLECT_LTO_WRAPPER=/usr/lib/gcc/x86_64-linux-gnu/9/lto-wrapper
OFFLOAD_TARGET_NAMES=nvptx-none:hsa
OFFLOAD_TARGET_DEFAULT=1
Target: x86_64-linux-gnu
Configured with: ../src/configure -v --with-pkgversion='Ubuntu 9.3.0-17ubuntu1~20.04' --with-bugurl=file:///usr/share/doc/gcc-9/README.Bugs --enable-languages=c,ada,c++,go,brig,d,fortran,objc,obj-c++,gm2 --prefix=/usr --with-gcc-major-version-only --program-suffix=-9 --program-prefix=x86_64-linux-gnu- --enable-shared --enable-linker-build-id --libexecdir=/usr/lib --without-included-gettext --enable-threads=posix --libdir=/usr/lib --enable-nls --enable-clocale=gnu --enable-libstdcxx-debug --enable-libstdcxx-time=yes --with-default-libstdcxx-abi=new --enable-gnu-unique-object --disable-vtable-verify --enable-plugin --enable-default-pie --with-system-zlib --with-target-system-zlib=auto --enable-objc-gc=auto --enable-multiarch --disable-werror --with-arch-32=i686 --with-abi=m64 --with-multilib-list=m32,m64,mx32 --enable-multilib --with-tune=generic --enable-offload-targets=nvptx-none=/build/gcc-9-HskZEa/gcc-9-9.3.0/debian/tmp-nvptx/usr,hsa --without-cuda-driver --enable-checking=release --build=x86_64-linux-gnu --host=x86_64-linux-gnu --target=x86_64-linux-gnu
Thread model: posix
gcc version 9.3.0 (Ubuntu 9.3.0-17ubuntu1~20.04) 
COMPILER_PATH=/usr/lib/gcc/x86_64-linux-gnu/9/:/usr/lib/gcc/x86_64-linux-gnu/9/:/usr/lib/gcc/x86_64-linux-gnu/:/usr/lib/gcc/x86_64-linux-gnu/9/:/usr/lib/gcc/x86_64-linux-gnu/
LIBRARY_PATH=/usr/lib/gcc/x86_64-linux-gnu/9/:/usr/lib/gcc/x86_64-linux-gnu/9/../../../x86_64-linux-gnu/:/usr/lib/gcc/x86_64-linux-gnu/9/../../../../lib/:/lib/x86_64-linux-gnu/:/lib/../lib/:/usr/lib/x86_64-linux-gnu/:/usr/lib/../lib/:/usr/lib/gcc/x86_64-linux-gnu/9/../../../:/lib/:/usr/lib/
COLLECT_GCC_OPTIONS='-v' '-o' 'cmTC_d5fee' '-I' '/usr/lib/x86_64-linux-gnu/openmpi/include/openmpi' '-I' '/usr/lib/x86_64-linux-gnu/openmpi/include' '-pthread' '-L/usr/lib/x86_64-linux-gnu/openmpi/lib' '-mtune=generic' '-march=x86-64'
 /usr/lib/gcc/x86_64-linux-gnu/9/collect2 -plugin /usr/lib/gcc/x86_64-linux-gnu/9/liblto_plugin.so -plugin-opt=/usr/lib/gcc/x86_64-linux-gnu/9/lto-wrapper -plugin-opt=-fresolution=/tmp/ccV4VA0y.res -plugin-opt=-pass-through=-lgcc -plugin-opt=-pass-through=-lgcc_s -plugin-opt=-pass-through=-lpthread -plugin-opt=-pass-through=-lc -plugin-opt=-pass-through=-lgcc -plugin-opt=-pass-through=-lgcc_s --build-id --eh-frame-hdr -m elf_x86_64 --hash-style=gnu --as-needed -dynamic-linker /lib64/ld-linux-x86-64.so.2 -pie -z now -z relro -o cmTC_d5fee /usr/lib/gcc/x86_64-linux-gnu/9/../../../x86_64-linux-gnu/Scrt1.o /usr/lib/gcc/x86_64-linux-gnu/9/../../../x86_64-linux-gnu/crti.o /usr/lib/gcc/x86_64-linux-gnu/9/crtbeginS.o -L/usr/lib/x86_64-linux-gnu/openmpi/lib -L/usr/lib/gcc/x86_64-linux-gnu/9 -L/usr/lib/gcc/x86_64-linux-gnu/9/../../../x86_64-linux-gnu -L/usr/lib/gcc/x86_64-linux-gnu/9/../../../../lib -L/lib/x86_64-linux-gnu -L/lib/../lib -L/usr/lib/x86_64-linux-gnu -L/usr/lib/../lib -L/usr/lib/gcc/x86_64-linux-gnu/9/../../.. CMakeFiles/cmTC_d5fee.dir/CMakeCCompilerABI.c.o -lmpi -lopen-rte -lopen-pal -lhwloc -ldl -levent -levent_pthreads -lutil -lm -lrt -lz -lgcc --push-state --as-needed -lgcc_s --pop-state -lpthread -lc -lgcc --push-state --as-needed -lgcc_s --pop-state /usr/lib/gcc/x86_64-linux-gnu/9/crtendS.o /usr/lib/gcc/x86_64-linux-gnu/9/../../../x86_64-linux-gnu/crtn.o
/usr/bin/ld: cannot find -lmpi
collect2: error: ld returned 1 exit status
make[1]: *** [CMakeFiles/cmTC_d5fee.dir/build.make:106: cmTC_d5fee] Error 1
make[1]: Leaving directory '/home/khadimou/Bureau/M2_chps/GLCS/glcs_2020-2021/Projet/projet/build/CMakeFiles/CMakeTmp'
make: *** [Makefile:140: cmTC_d5fee/fast] Error 2




Determining if the C compiler works failed with the following output:
Change Dir: /home/khadimou/Bureau/M2_chps/GLCS/glcs_2020-2021/Projet/projet/build/CMakeFiles/CMakeTmp

Run Build Command(s):/usr/bin/make cmTC_9b924/fast && /usr/bin/make  -f CMakeFiles/cmTC_9b924.dir/build.make CMakeFiles/cmTC_9b924.dir/build
make[1] : on entre dans le répertoire « /home/khadimou/Bureau/M2_chps/GLCS/glcs_2020-2021/Projet/projet/build/CMakeFiles/CMakeTmp »
Building C object CMakeFiles/cmTC_9b924.dir/testCCompiler.c.o
/usr/bin/mpicc    -o CMakeFiles/cmTC_9b924.dir/testCCompiler.c.o -c /home/khadimou/Bureau/M2_chps/GLCS/glcs_2020-2021/Projet/projet/build/CMakeFiles/CMakeTmp/testCCompiler.c
Linking C executable cmTC_9b924
/usr/local/bin/cmake -E cmake_link_script CMakeFiles/cmTC_9b924.dir/link.txt --verbose=1
/usr/bin/mpicc CMakeFiles/cmTC_9b924.dir/testCCompiler.c.o -o cmTC_9b924 
/usr/bin/ld : ne peut trouver -lmpi
collect2: error: ld returned 1 exit status
make[1]: *** [CMakeFiles/cmTC_9b924.dir/build.make:106 : cmTC_9b924] Erreur 1
make[1] : on quitte le répertoire « /home/khadimou/Bureau/M2_chps/GLCS/glcs_2020-2021/Projet/projet/build/CMakeFiles/CMakeTmp »
make: *** [Makefile:140 : cmTC_9b924/fast] Erreur 2



Compiling the Fortran compiler identification source file "CMakeFortranCompilerId.F" failed.
Compiler: /opt/intel/compilers_and_libraries_2020.0.166/linux/mpi/intel64/bin/mpif90/ 
Build flags: 
Id flags: -v 

The output was:
Not a directory


Compiling the Fortran compiler identification source file "CMakeFortranCompilerId.F" failed.
Compiler: /opt/intel/compilers_and_libraries_2020.0.166/linux/mpi/intel64/bin/mpif90/ 
Build flags: 
Id flags:  

The output was:
Not a directory


Compiling the Fortran compiler identification source file "CMakeFortranCompilerId.F" failed.
Compiler: /opt/intel/compilers_and_libraries_2020.0.166/linux/mpi/intel64/bin/mpif90/ 
Build flags: 
Id flags: -c 

The output was:
Not a directory


Compiling the Fortran compiler identification source file "CMakeFortranCompilerId.F" failed.
Compiler: /opt/intel/compilers_and_libraries_2020.0.166/linux/mpi/intel64/bin/mpif90/ 
Build flags: 
Id flags: -fpp 

The output was:
Not a directory


Compiling the Fortran compiler identification source file "CMakeFortranCompilerId.F" failed.
Compiler: /opt/intel/compilers_and_libraries_2020.0.166/linux/mpi/intel64/bin/mpif90/ 
Build flags: 
Id flags: -v 

The output was:
Not a directory


Compiling the Fortran compiler identification source file "CMakeFortranCompilerId.F" failed.
Compiler: /opt/intel/compilers_and_libraries_2020.0.166/linux/mpi/intel64/bin/mpif90/ 
Build flags: 
Id flags:  

The output was:
Not a directory


Compiling the Fortran compiler identification source file "CMakeFortranCompilerId.F" failed.
Compiler: /opt/intel/compilers_and_libraries_2020.0.166/linux/mpi/intel64/bin/mpif90/ 
Build flags: 
Id flags: -c 

The output was:
Not a directory


Compiling the Fortran compiler identification source file "CMakeFortranCompilerId.F" failed.
Compiler: /opt/intel/compilers_and_libraries_2020.0.166/linux/mpi/intel64/bin/mpif90/ 
Build flags: 
Id flags: -fpp 

The output was:
Not a directory


Checking whether the Fortran compiler is Compaq using "-what" did not match "Compaq Visual Fortran":
Checking whether the Fortran compiler is NAG using "-V" did not match "NAG Fortran Compiler":
Checking whether the Fortran compiler is Compaq using "-what" did not match "Compaq Visual Fortran":
Checking whether the Fortran compiler is NAG using "-V" did not match "NAG Fortran Compiler":
